<?xml version="1.0" encoding="UTF-8"?>
<!-- Generated by org.testng.reporters.JUnitReportReporter -->
<testsuite skipped="0" hostname="DESKTOP-3VLUI4R" name="testng.NewTest" tests="3" failures="0" timestamp="2023-01-10T19:37:42 IST" time="0.042" errors="0">
  <testcase name="tc002" time="0.020" classname="testng.NewTest"/>
  <system-out>
    <![CDATA[test2 executed]]>
  </system-out>
  <testcase name="tc003" time="0.007" classname="testng.NewTest"/>
  <system-out>
    <![CDATA[tc003 executed]]>
  </system-out>
  <testcase name="tc001" time="0.015" classname="testng.NewTest"/>
  <system-out>
    <![CDATA[test1 executed]]>
  </system-out>
</testsuite> <!-- testng.NewTest -->
